#! /usr/bin/vvp
:ivl_version "10.3 (stable)";
:ivl_delay_selection "TYPICAL";
:vpi_time_precision - 12;
:vpi_module "system";
:vpi_module "vhdl_sys";
:vpi_module "v2005_math";
:vpi_module "va_math";
S_0x55d0d9c08cf0 .scope module, "tb_half_adder" "tb_half_adder" 2 2;
 .timescale -9 -12;
v0x55d0d9c1aa50_0 .var "a", 0 0;
v0x55d0d9c1ab10_0 .var "b", 0 0;
v0x55d0d9c1abe0_0 .net "co", 0 0, L_0x55d0d9c1af10;  1 drivers
v0x55d0d9c1ace0_0 .net "sum", 0 0, L_0x55d0d9c1adb0;  1 drivers
S_0x55d0d9c08e70 .scope module, "ha1" "half_adder_df" 2 5, 3 1 0, S_0x55d0d9c08cf0;
 .timescale 0 0;
    .port_info 0 /INPUT 1 "a"
    .port_info 1 /INPUT 1 "b"
    .port_info 2 /OUTPUT 1 "sum"
    .port_info 3 /OUTPUT 1 "co"
L_0x55d0d9c1adb0 .functor XOR 1, v0x55d0d9c1aa50_0, v0x55d0d9c1ab10_0, C4<0>, C4<0>;
L_0x55d0d9c1af10 .functor AND 1, v0x55d0d9c1aa50_0, v0x55d0d9c1ab10_0, C4<1>, C4<1>;
v0x55d0d9bd30a0_0 .net "a", 0 0, v0x55d0d9c1aa50_0;  1 drivers
v0x55d0d9c1a7b0_0 .net "b", 0 0, v0x55d0d9c1ab10_0;  1 drivers
v0x55d0d9c1a870_0 .net "co", 0 0, L_0x55d0d9c1af10;  alias, 1 drivers
v0x55d0d9c1a910_0 .net "sum", 0 0, L_0x55d0d9c1adb0;  alias, 1 drivers
    .scope S_0x55d0d9c08cf0;
T_0 ;
    %vpi_call 2 8 "$dumpfile", "ha.vcd" {0 0 0};
    %vpi_call 2 9 "$dumpvars", 32'sb00000000000000000000000000000001 {0 0 0};
    %end;
    .thread T_0;
    .scope S_0x55d0d9c08cf0;
T_1 ;
    %pushi/vec4 0, 0, 2;
    %split/vec4 1;
    %store/vec4 v0x55d0d9c1ab10_0, 0, 1;
    %store/vec4 v0x55d0d9c1aa50_0, 0, 1;
    %delay 5000, 0;
    %pushi/vec4 1, 0, 2;
    %split/vec4 1;
    %store/vec4 v0x55d0d9c1ab10_0, 0, 1;
    %store/vec4 v0x55d0d9c1aa50_0, 0, 1;
    %delay 5000, 0;
    %pushi/vec4 2, 0, 2;
    %split/vec4 1;
    %store/vec4 v0x55d0d9c1ab10_0, 0, 1;
    %store/vec4 v0x55d0d9c1aa50_0, 0, 1;
    %delay 5000, 0;
    %pushi/vec4 3, 0, 2;
    %split/vec4 1;
    %store/vec4 v0x55d0d9c1ab10_0, 0, 1;
    %store/vec4 v0x55d0d9c1aa50_0, 0, 1;
    %end;
    .thread T_1;
    .scope S_0x55d0d9c08cf0;
T_2 ;
    %vpi_call 2 19 "$monitor", "simtime=%0g, a=%b, b=%b, sum=%b, co=%b", $time, v0x55d0d9c1aa50_0, v0x55d0d9c1ab10_0, v0x55d0d9c1ace0_0, v0x55d0d9c1abe0_0 {0 0 0};
    %end;
    .thread T_2;
# The file index is used to find the file name in the following table.
:file_names 4;
    "N/A";
    "<interactive>";
    "test.v";
    "ha.v";
